2222-test-logger-regex 0
2222-test-logger-regex 0
2222-test-logger-regex 0
2222-test-logger-regex 0
2222-test-logger-regex 0
2222-test-logger-regex 0
2222-test-logger-regex 0
2222-test-logger-regex 0
2222-test-logger-regex 0
2222-test-logger-regex 0
2222-test-logger-regex 0
2222-test-logger-regex 0
2222-test-logger-regex 0
2222-test-logger-regex 0
2222-test-logger-regex 0
2222-test-logger-regex 0
2222-test-logger-regex 0
2222-test-logger-regex 0
2222-test-logger-regex 0
2222-test-logger-regex 0
2222-test-logger-regex 0
2222-test-logger-regex 0
2222-test-logger-regex 0
2222-test-logger-regex 0
2222-test-logger-regex 0
2222-test-logger-regex 0
2222-test-logger-regex 0
2222-test-logger-regex 1
2222-test-logger-regex 2
2222-test-logger-regex 3
2222-test-logger-regex 4
2222-test-logger-regex 5
2222-test-logger-regex 6
2222-test-logger-regex 7
2222-test-logger-regex 8
2222-test-logger-regex 9
